<?xml version="1.0" encoding="UTF-8"?>
<testng-results ignored="0" total="1" passed="1" failed="0" skipped="0">
  <reporter-output>
  </reporter-output>
  <suite started-at="2023-03-18T15:25:14 CET" name="Suite" finished-at="2023-03-18T15:25:31 CET" duration-ms="17348">
    <groups>
    </groups>
    <test started-at="2023-03-18T15:25:14 CET" name="Test" finished-at="2023-03-18T15:25:31 CET" duration-ms="17348">
      <class name="testcases.LoginTest">
        <test-method is-config="true" signature="testData()[pri:0, instance:testcases.LoginTest@58d75e99]" started-at="2023-03-18T15:25:14 CET" name="testData" finished-at="2023-03-18T15:25:14 CET" duration-ms="619" status="PASS">
          <reporter-output>
          </reporter-output>
        </test-method> <!-- testData -->
        <test-method is-config="true" signature="SetUp()[pri:0, instance:testcases.LoginTest@58d75e99]" started-at="2023-03-18T15:25:14 CET" name="SetUp" finished-at="2023-03-18T15:25:19 CET" duration-ms="4991" status="PASS">
          <reporter-output>
          </reporter-output>
        </test-method> <!-- SetUp -->
        <test-method signature="excelTestData()[pri:0, instance:testcases.LoginTest@58d75e99]" started-at="2023-03-18T15:25:19 CET" name="excelTestData" finished-at="2023-03-18T15:25:30 CET" duration-ms="11188" status="PASS">
          <reporter-output>
          </reporter-output>
        </test-method> <!-- excelTestData -->
        <test-method is-config="true" signature="QuitBrowser()[pri:0, instance:testcases.LoginTest@58d75e99]" started-at="2023-03-18T15:25:30 CET" name="QuitBrowser" finished-at="2023-03-18T15:25:31 CET" duration-ms="178" status="PASS">
          <reporter-output>
          </reporter-output>
        </test-method> <!-- QuitBrowser -->
        <test-method is-config="true" signature="DataClose()[pri:0, instance:testcases.LoginTest@58d75e99]" started-at="2023-03-18T15:25:31 CET" name="DataClose" finished-at="2023-03-18T15:25:31 CET" duration-ms="335" status="PASS">
          <reporter-output>
          </reporter-output>
        </test-method> <!-- DataClose -->
      </class> <!-- testcases.LoginTest -->
    </test> <!-- Test -->
  </suite> <!-- Suite -->
</testng-results>
